2023-12-26 11:53:44 [INFO]: /v1/roles
2023-12-26 12:53:40 [INFO]: /v1/faqs
2023-12-26 12:54:27 [INFO]: /v1/migrate_faq_categories
2023-12-26 12:58:41 [INFO]: /v1/migrate_faq_categories
2023-12-26 12:59:41 [INFO]: /v1/get_faq_categories
2023-12-26 13:05:51 [INFO]: /v1/migrate_faqs
2023-12-26 13:06:00 [INFO]: /v1/get_faq_categories
2023-12-26 13:06:02 [INFO]: /v1/get_faq_categories
2023-12-26 13:06:26 [INFO]: /v1/get_faq_categories
2023-12-26 13:06:57 [INFO]: /v1/get_faq_categories
2023-12-26 13:07:00 [INFO]: /v1/migrate_faq_categories
2023-12-26 13:22:15 [INFO]: /v1/migrate_faqs
2023-12-26 13:22:27 [INFO]: /v1/get_faq_categories
2023-12-26 13:22:56 [INFO]: /v1/migrate_faqs
2023-12-26 13:23:12 [INFO]: /v1/migrate_faqs
2023-12-26 13:23:26 [INFO]: /v1/migrate_faqs
2023-12-26 13:23:28 [INFO]: /v1/get_faq_categories
2023-12-26 13:29:13 [INFO]: /v1/admin
2023-12-26 13:30:25 [INFO]: /v1/admin
2023-12-26 13:30:54 [INFO]: /v1/admin
2023-12-26 13:30:54 [ERROR]: Admin validation failed: roleId: Path `roleId` is required.
2023-12-26 13:32:21 [INFO]: /v1/admin
2023-12-26 13:32:22 [ERROR]: Admin validation failed: roleId: Path `roleId` is required.
2023-12-26 13:32:34 [INFO]: /v1/admin
2023-12-26 13:32:34 [ERROR]: Admin validation failed: roleId: Path `roleId` is required.
2023-12-26 13:33:15 [INFO]: /v1/admin
2023-12-26 13:33:15 [ERROR]: Admin validation failed: roleId: Path `roleId` is required.
2023-12-26 13:34:37 [INFO]: /v1/admin
2023-12-26 13:35:40 [INFO]: /v1/admin
2023-12-26 13:35:40 [ERROR]: email all ready registered, please create an account with another email address
2023-12-26 13:35:48 [INFO]: /v1/admin
2023-12-26 17:26:20 [INFO]: /v1/admin/login
2023-12-26 17:26:20 [ERROR]: user is not defined
2023-12-26 17:27:30 [INFO]: /v1/admin/login
2023-12-26 17:27:34 [INFO]: /v1/admin/login
2023-12-26 17:27:34 [ERROR]: secretOrPrivateKey must have a value
2023-12-26 17:28:54 [INFO]: /v1/admin/login
2023-12-26 17:28:54 [ERROR]: secretOrPrivateKey must have a value
2023-12-26 17:29:12 [INFO]: /v1/admin/login
2023-12-26 17:29:12 [ERROR]: secretOrPrivateKey must have a value
2023-12-26 17:29:23 [INFO]: /v1/admin/login
2023-12-26 17:29:23 [ERROR]: secretOrPrivateKey must have a value
2023-12-26 17:31:26 [INFO]: /v1/admin/login
2023-12-26 17:31:26 [ERROR]: secretOrPrivateKey must have a value
2023-12-26 17:32:43 [INFO]: /v1/admin/login
2023-12-26 18:13:13 [INFO]: /v1/user
2023-12-26 18:15:00 [INFO]: /v1/user
2023-12-26 18:16:49 [INFO]: /v1/user/resend/otp
2023-12-26 18:16:49 [ERROR]: Cannot read properties of undefined (reading 'otpToken')
2023-12-26 18:17:53 [INFO]: /v1/user/resend/otp
2023-12-26 18:17:53 [ERROR]: Cannot read properties of undefined (reading 'otpToken')
2023-12-26 18:18:18 [INFO]: /v1/user/resend/otp
2023-12-26 18:18:18 [ERROR]: Cannot read properties of undefined (reading 'otpToken')
2023-12-26 18:18:53 [INFO]: /v1/user/resend/otp
2023-12-26 18:18:53 [ERROR]: Cannot read properties of undefined (reading 'otpToken')
2023-12-26 18:19:09 [INFO]: /v1/user/resend/otp
2023-12-26 18:19:09 [ERROR]: Cannot read properties of undefined (reading 'otpToken')
2023-12-26 18:19:22 [INFO]: /v1/user/resend/otp
2023-12-26 18:19:22 [ERROR]: Cannot read properties of undefined (reading 'otpToken')
2023-12-26 18:21:53 [INFO]: /v1/user/resend/otp
2023-12-26 18:21:53 [ERROR]: req is not defined
2023-12-26 18:22:44 [INFO]: /v1/user/resend/otp
2023-12-26 18:22:44 [ERROR]: Forbidden: Invalid token
2023-12-26 18:23:02 [INFO]: /v1/user/resend/otp
2023-12-26 18:23:45 [INFO]: /v1/user/resend/otp
2023-12-26 18:23:55 [INFO]: /v1/user/resend/otp
2023-12-26 18:24:10 [INFO]: /v1/user/resend/otp
2023-12-26 18:25:00 [INFO]: /v1/user/resend/otp
2023-12-26 18:25:00 [ERROR]: Forbidden: Invalid token
2023-12-26 18:25:35 [INFO]: /v1/user/resend/otp
2023-12-26 18:25:35 [ERROR]: Forbidden: Invalid token
2023-12-26 18:26:06 [INFO]: /v1/user/resend/otp
2023-12-26 18:26:06 [ERROR]: Forbidden: Invalid token
2023-12-26 18:26:16 [INFO]: /v1/user
2023-12-26 18:26:27 [INFO]: /v1/user/resend/otp
2023-12-26 18:29:40 [INFO]: /v1/user/verify/otp
2023-12-26 18:29:40 [ERROR]: User validation failed: pin: Path `pin` is required.
2023-12-26 18:30:03 [INFO]: /v1/user/verify/otp
2023-12-26 18:32:57 [INFO]: /v1/user/set/pin
2023-12-26 18:33:09 [INFO]: /v1/user/set/pin
2023-12-26 19:05:50 [INFO]: /v1/user/forgot/password
2023-12-26 19:06:10 [INFO]: /v1/user/forgot/password
2023-12-26 19:06:14 [INFO]: /v1/user/forgot/password
2023-12-26 19:06:56 [INFO]: /v1/user/forgot/password/resend_otp
2023-12-26 19:07:10 [INFO]: /v1/user/forgot/password/resend_otp
2023-12-26 19:07:10 [ERROR]: Cannot set properties of null (setting 'otp')
2023-12-26 19:07:56 [INFO]: /v1/user/forgot/password/resend_otp
2023-12-26 19:07:56 [ERROR]: Cannot set properties of null (setting 'otp')
2023-12-26 19:13:27 [INFO]: /v1/user/forgot/password
2023-12-26 19:14:11 [INFO]: /v1/user/forgot/password/resend_otp
2023-12-26 19:14:11 [ERROR]: Cast to ObjectId failed for value "userId" (type string) at path "_id" for model "User"
2023-12-26 19:14:46 [INFO]: /v1/user/forgot/password/resend_otp
2023-12-26 19:16:45 [INFO]: /v1/user/forgot/password/verify/otp
2023-12-26 19:18:26 [INFO]: /v1/user/forgot/password/create/password
2023-12-26 19:18:26 [ERROR]: userData is not defined
2023-12-26 19:18:57 [INFO]: /v1/user/forgot/password/create/password
2023-12-26 19:22:44 [INFO]: /v1/user/login
2023-12-26 19:22:54 [INFO]: /v1/user/login
2023-12-26 19:23:02 [INFO]: /v1/user/login
2023-12-29 06:50:14 [INFO]: /v1/kyc
2023-12-29 06:53:17 [INFO]: /v1/kyc
2023-12-29 06:55:13 [INFO]: /v1/kyc
2023-12-29 06:55:35 [INFO]: /v1/kyc
2023-12-29 06:56:05 [INFO]: /v1/kyc
2023-12-29 06:56:11 [INFO]: /v1/kyc
2023-12-29 06:56:44 [INFO]: /v1/kyc
2023-12-29 06:57:22 [INFO]: /v1/kyc
2023-12-29 06:59:57 [INFO]: /v1/kyc
2023-12-29 07:05:25 [INFO]: /v1/kyc
2023-12-29 07:12:56 [INFO]: /v1/kyc
2023-12-29 07:15:12 [INFO]: /v1/kyc
2023-12-29 07:15:23 [INFO]: /v1/kyc
2023-12-29 07:15:23 [ERROR]: undefined is not iterable (cannot read property Symbol(Symbol.iterator))
2023-12-29 07:15:53 [INFO]: /v1/kyc
2023-12-29 07:15:53 [ERROR]: undefined is not iterable (cannot read property Symbol(Symbol.iterator))
2023-12-29 07:21:21 [INFO]: /v1/kyc
2023-12-29 07:24:37 [INFO]: /v1/kyc
2023-12-29 07:25:23 [INFO]: /v1/kyc
2023-12-29 07:25:54 [INFO]: /v1/kyc
2023-12-29 07:26:30 [INFO]: /v1/kyc
2023-12-29 07:26:47 [INFO]: /v1/kyc
2023-12-29 07:30:41 [INFO]: /v1/user/login
2023-12-29 07:31:02 [INFO]: /v1/kyc
2023-12-29 07:36:00 [INFO]: /v1/kyc/658b0d9c6a33b638031ba02a
2023-12-29 07:36:16 [INFO]: /v1/kycs
2023-12-29 07:37:58 [INFO]: /v1/kyc/approve/:userId
2023-12-29 07:37:58 [ERROR]: kyc.save is not a function
2023-12-29 07:38:24 [INFO]: /v1/kyc/approve/:userId
2023-12-29 07:38:24 [ERROR]: Cast to ObjectId failed for value ":userId" (type string) at path "userId" for model "KYC"
2023-12-29 07:38:35 [INFO]: /v1/kyc/approve/658b0d9c6a33b638031ba02a
2023-12-29 07:39:01 [INFO]: /v1/kyc/approve/658b0d9c6a33b638031ba02a
2023-12-29 07:39:32 [INFO]: /v1/kyc/approve/658b0d9c6a33b638031ba02a
2023-12-29 07:40:01 [INFO]: /v1/kyc/approve/658b0d9c6a33b638031ba02a
2023-12-29 07:40:39 [INFO]: /v1/kyc/decline/:userId
2023-12-29 07:40:39 [ERROR]: Cast to ObjectId failed for value ":userId" (type string) at path "userId" for model "KYC"
2023-12-29 07:40:55 [INFO]: /v1/kyc/decline/658b0d9c6a33b638031ba02a
2023-12-29 07:41:21 [INFO]: /v1/kyc/decline/658b0d9c6a33b638031ba02a
2023-12-30 17:36:20 [INFO]: /v1/user/login
2023-12-30 17:37:25 [INFO]: /v1/errands
2023-12-30 17:41:48 [INFO]: /v1/my/errands
2023-12-30 17:42:02 [INFO]: /v1/my/errands
2023-12-30 17:42:24 [INFO]: /v1/my/requests
2023-12-30 17:43:33 [INFO]: /v1/errand
2023-12-30 17:44:08 [INFO]: /v1/errand
2023-12-30 17:45:24 [INFO]: /v1/errand
2023-12-30 17:46:36 [INFO]: /v1/errand
2023-12-30 17:46:36 [ERROR]: Errand validation failed: pickUpAddress: Path `pickUpAddress` is required., user: Path `user` is required.
2023-12-30 17:47:46 [INFO]: /v1/errand
2023-12-30 17:47:54 [INFO]: /v1/errand
2023-12-30 17:49:21 [INFO]: /v1/errands
2023-12-30 17:49:21 [ERROR]: Cannot populate path `errand` because it is not in your schema. Set the `strictPopulate` option to false to override.
2023-12-30 17:49:50 [INFO]: /v1/errands
2023-12-30 17:49:56 [INFO]: /v1/my/errands
2023-12-30 17:50:20 [INFO]: /v1/my/requests
2023-12-30 17:50:52 [INFO]: /v1/my/requests
2023-12-30 17:53:01 [INFO]: /v1/errand
2023-12-30 17:53:18 [INFO]: /v1/errand/bid
2023-12-30 17:53:28 [INFO]: /v1/errand/bid
2023-12-30 17:54:08 [INFO]: /v1/errand/659049baee8c08fbf3968333/bids
2023-12-30 17:54:17 [INFO]: /v1/errand/659049baee8c08fbf3968333/messages
2023-12-30 17:54:51 [INFO]: /v1/errand/659049baee8c08fbf3968333/bids
2023-12-30 17:58:21 [INFO]: /v1/errand/659049baee8c08fbf3968333/bids
2023-12-30 17:58:25 [INFO]: /v1/errand/accept
2023-12-30 17:58:25 [ERROR]: acceptedUserId is not defined
2023-12-30 17:58:59 [INFO]: /v1/errand/accept
2023-12-30 17:59:08 [INFO]: /v1/my/errands
2023-12-30 18:00:51 [INFO]: /v1/errands
2023-12-30 18:00:59 [INFO]: /v1/errand/create/chat
2023-12-30 18:00:59 [ERROR]: User is not defined
2023-12-30 18:01:21 [INFO]: /v1/errand/create/chat
2023-12-30 18:03:47 [INFO]: /v1/errand/create/chat
2023-12-30 18:05:29 [INFO]: /v1/errand/message/send
2023-12-30 18:05:29 [ERROR]: Cannot access 'message' before initialization
2023-12-30 18:06:03 [INFO]: /v1/errand/message/send
2023-12-30 18:06:14 [INFO]: /v1/errand/659049baee8c08fbf3968333/messages
2023-12-30 18:09:47 [INFO]: /v1/errand/659049baee8c08fbf3968333/messages
2023-12-30 18:10:32 [INFO]: /v1/errand/659049baee8c08fbf3968333/messages
2023-12-30 18:10:54 [INFO]: /v1/errand/create/chat
2023-12-30 18:10:54 [ERROR]: ErrandChat validation failed: errand: Path `errand` is required.
2023-12-30 18:12:14 [INFO]: /v1/my/requests
2023-12-30 18:12:27 [INFO]: /v1/errand/create/chat
2023-12-30 18:12:35 [INFO]: /v1/errand/659049baee8c08fbf3968333/messages
2023-12-30 18:12:54 [INFO]: /v1/errand/659049baee8c08fbf3968333/messages
2023-12-30 18:13:20 [INFO]: /v1/errand/message/send
2023-12-30 18:13:23 [INFO]: /v1/errand/659049baee8c08fbf3968333/messages
2023-12-30 18:16:57 [INFO]: /v1/my/requests
2023-12-30 18:17:16 [INFO]: /v1/errand/end/session/659049baee8c08fbf3968333
2023-12-30 18:17:16 [ERROR]: Cannot set properties of null (setting 'isCompleted')
2023-12-30 18:19:12 [INFO]: /v1/errand/end/session/659049baee8c08fbf3968333
2023-12-30 18:19:12 [ERROR]: Cannot set properties of null (setting 'isCompleted')
2023-12-30 18:19:36 [INFO]: /v1/errand/end/session/659049baee8c08fbf3968333
2023-12-30 18:21:02 [INFO]: /v1/errand/review
2023-12-30 18:21:50 [INFO]: /v1/errand/review
2023-12-30 18:22:10 [INFO]: /v1/errand/review
2023-12-30 18:28:12 [INFO]: /v1/errands
2023-12-30 18:28:28 [INFO]: /v1/errand/659049baee8c08fbf3968333
2023-12-30 18:28:47 [INFO]: /v1/errand/fund
2023-12-30 18:28:54 [INFO]: /v1/errand/fund
2023-12-30 18:28:54 [ERROR]: Cannot read properties of null (reading 'balance')
2023-12-30 18:30:04 [INFO]: /v1/errands
2023-12-30 18:30:13 [INFO]: /v1/errand/659049baee8c08fbf3968333/delete
2023-12-30 18:30:46 [INFO]: /v1/errand/request/659049baee8c08fbf3968333/delete
2023-12-30 18:30:56 [INFO]: /v1/my/errands
2023-12-30 18:31:05 [INFO]: /v1/my/requests
2023-12-30 18:31:13 [INFO]: /v1/errands
2023-12-30 18:54:20 [INFO]: /v1/my/errands/transactions
2023-12-30 18:54:29 [INFO]: /v1/user/login
2023-12-30 18:54:43 [INFO]: /v1/my/errands/transactions
2023-12-30 18:55:13 [INFO]: /v1/my/requests/transactions
2023-12-30 19:20:01 [INFO]: /v1/user/login
2023-12-30 19:20:27 [INFO]: /v1/users
2023-12-30 19:20:36 [INFO]: /v1/users
2023-12-30 19:21:02 [INFO]: /v1/user/658b0d9c6a33b638031ba02a
2023-12-30 19:21:44 [INFO]: /v1/user/wallet/runner
2023-12-30 19:22:07 [INFO]: /v1/user/wallet/errango
2023-12-30 19:25:40 [INFO]: /v1/user/profile/picture
2023-12-30 19:26:44 [INFO]: /v1/user/658b0d9c6a33b638031ba02a
2023-12-30 19:26:59 [INFO]: /v1/user/profile/picture
2023-12-30 19:27:09 [INFO]: /v1/user/658b0d9c6a33b638031ba02a
2023-12-30 19:27:51 [INFO]: /v1/user/go/online
2023-12-30 19:28:09 [INFO]: /v1/user/go/offline
2023-12-30 19:28:34 [INFO]: /v1/user/disable
2023-12-30 19:29:38 [INFO]: /v1/user/login
2023-12-30 19:29:48 [INFO]: /v1/user/login
2023-12-30 19:30:15 [INFO]: /v1/user/login
2023-12-31 05:50:39 [INFO]: /v1/user
2023-12-31 05:54:50 [INFO]: /v1/user/resend/otp
2023-12-31 05:55:42 [INFO]: /v1/user/verify/otp
2023-12-31 05:55:42 [ERROR]: Forbidden: Invalid token
2023-12-31 05:55:53 [INFO]: /v1/user/verify/otp
2023-12-31 05:55:53 [ERROR]: email all ready registered, please create an account with another email address
2023-12-31 05:56:09 [INFO]: /v1/user
2023-12-31 05:56:19 [INFO]: /v1/user/verify/otp
2023-12-31 05:56:19 [ERROR]: phone number all ready registered, please login with this phone number
2023-12-31 05:56:29 [INFO]: /v1/user
2023-12-31 05:56:41 [INFO]: /v1/user/verify/otp
2023-12-31 06:13:16 [INFO]: /v1/user/set/pin
2023-12-31 06:14:20 [INFO]: /v1/user/forgot/password
2023-12-31 06:15:54 [INFO]: /v1/user/forgot/password/resend/otp
2023-12-31 06:16:55 [INFO]: /v1/user/forgot/password/verify/otp
2023-12-31 06:21:17 [INFO]: /v1/user/login
2023-12-31 06:21:28 [INFO]: /v1/user/login
2023-12-31 07:30:47 [INFO]: /v1/user
2023-12-31 07:39:48 [INFO]: /v1/user
2023-12-31 07:39:53 [INFO]: /v1/user/verify/otp
2023-12-31 07:40:18 [INFO]: /v1/user/verify/otp
2023-12-31 07:40:18 [ERROR]: undefined
2023-12-31 07:42:26 [INFO]: /v1/user/verify/otp
2023-12-31 07:42:26 [ERROR]: undefined
2023-12-31 07:43:48 [INFO]: /v1/user/verify/otp
2023-12-31 07:43:48 [ERROR]: undefined
2023-12-31 07:47:33 [INFO]: /v1/user/verify/otp
2023-12-31 07:47:33 [ERROR]: undefined
2023-12-31 07:48:51 [INFO]: /v1/user/verify/otp
2023-12-31 07:48:51 [ERROR]: undefined
2023-12-31 07:49:49 [INFO]: /v1/user/verify/otp
2023-12-31 07:49:49 [ERROR]: Forbidden: Invalid token
2023-12-31 07:50:15 [INFO]: /v1/user/verify/otp
2023-12-31 07:50:15 [ERROR]: error
2023-12-31 07:50:15 [ERROR]: Forbidden: Invalid token
2023-12-31 07:50:46 [INFO]: /v1/user/verify/otp
2023-12-31 07:50:46 [ERROR]: error
2023-12-31 07:50:46 [ERROR]: Forbidden: Invalid token
2023-12-31 07:51:45 [INFO]: /v1/user
2023-12-31 07:51:52 [INFO]: /v1/user/verify/otp
2023-12-31 07:52:24 [INFO]: /v1/user/verify/otp
2023-12-31 07:52:29 [INFO]: /v1/user/verify/otp
2023-12-31 07:52:29 [ERROR]: error
2023-12-31 07:52:29 [ERROR]: Unknown error, please contact the administrator
2023-12-31 07:53:17 [INFO]: /v1/user/verify/otp
2023-12-31 07:53:17 [ERROR]: error
2023-12-31 07:53:17 [ERROR]: Unknown error, please contact the administrator
2023-12-31 07:54:15 [INFO]: /v1/user
2023-12-31 07:54:35 [INFO]: /v1/user/verify/otp
2023-12-31 07:56:23 [INFO]: /v1/user
2023-12-31 07:56:28 [INFO]: /v1/user/verify/otp
2023-12-31 07:56:55 [INFO]: /v1/user
2023-12-31 07:57:07 [INFO]: /v1/user/verify/otp
2023-12-31 07:57:25 [INFO]: /v1/user
2023-12-31 07:57:40 [INFO]: /v1/user
2023-12-31 07:57:52 [INFO]: /v1/user/verify/otp
2023-12-31 07:57:52 [ERROR]: error
2023-12-31 07:57:52 [ERROR]: Unknown error, please contact the administrator
2023-12-31 07:58:43 [INFO]: /v1/user
2023-12-31 07:58:54 [INFO]: /v1/user/verify/otp
2023-12-31 08:03:55 [INFO]: /v1/user
2023-12-31 08:03:59 [INFO]: /v1/user/verify/otp
2023-12-31 08:04:05 [INFO]: /v1/user/set/pin
2023-12-31 08:34:29 [INFO]: /v1/user/forgot/password
2023-12-31 08:34:34 [INFO]: /v1/user/forgot/password/verify/otp
2023-12-31 08:35:20 [INFO]: /v1/user/forgot/password/create/password
2023-12-31 08:36:20 [INFO]: /v1/user/forgot/password/create/password
2023-12-31 08:37:12 [INFO]: /v1/user/forgot/password/create/password
2023-12-31 08:37:34 [INFO]: /v1/user/forgot/password/create/password
2023-12-31 08:37:42 [INFO]: /v1/user/forgot/password/create/password
2023-12-31 08:39:19 [INFO]: /v1/user/forgot/password
2023-12-31 08:39:25 [INFO]: /v1/user/forgot/password/verify/otp
2023-12-31 08:39:38 [INFO]: /v1/user/forgot/password/create/password
2023-12-31 09:20:07 [INFO]: /v1/user/login
2023-12-31 09:20:32 [INFO]: /v1/user/login
2023-12-31 10:30:24 [INFO]: /v1/user/login
2023-12-31 10:41:41 [INFO]: /v1/user/login
2023-12-31 10:42:15 [INFO]: /v1/user/me
2023-12-31 10:50:39 [INFO]: /v1/user/login
2023-12-31 10:50:39 [INFO]: /v1/user/me
2023-12-31 10:51:42 [INFO]: /v1/user/login
2023-12-31 10:51:42 [INFO]: /v1/user/me
2023-12-31 10:56:42 [INFO]: /v1/user/login
2023-12-31 10:56:43 [INFO]: /v1/user/me
2023-12-31 10:59:50 [INFO]: /v1/user/login
2023-12-31 10:59:50 [INFO]: /v1/user/me
2023-12-31 11:00:56 [INFO]: /v1/user/login
2023-12-31 11:00:57 [INFO]: /v1/user/me
2023-12-31 11:02:02 [INFO]: /v1/user/login
2023-12-31 11:02:02 [INFO]: /v1/user/me
2023-12-31 11:02:55 [INFO]: /v1/user/login
2023-12-31 11:02:55 [INFO]: /v1/user/me
2023-12-31 11:03:57 [INFO]: /v1/user/login
2023-12-31 11:03:58 [INFO]: /v1/user/me
2023-12-31 11:05:41 [INFO]: /v1/user/login
2023-12-31 11:05:42 [INFO]: /v1/user/me
2023-12-31 11:54:35 [INFO]: /v1/user/login
2023-12-31 11:54:36 [INFO]: /v1/user/me
2023-12-31 11:55:03 [INFO]: /v1/kyc
2023-12-31 11:55:03 [ERROR]: Cannot set headers after they are sent to the client
2023-12-31 11:55:37 [INFO]: /v1/kyc
2023-12-31 11:57:01 [INFO]: /v1/kyc
2023-12-31 11:57:01 [ERROR]: Cannot read properties of undefined (reading 'docFile')
2023-12-31 11:57:19 [INFO]: /v1/kyc
2023-12-31 11:57:19 [ERROR]: Cannot read properties of undefined (reading 'docFile')
2023-12-31 11:57:36 [INFO]: /v1/kyc
2023-12-31 11:57:59 [INFO]: /v1/kyc
2023-12-31 11:58:08 [INFO]: /v1/user/me
2023-12-31 18:17:26 [INFO]: /v1/user/login
2023-12-31 18:17:27 [INFO]: /v1/user/me
2023-12-31 18:19:29 [INFO]: /v1/user/login
2023-12-31 18:19:30 [INFO]: /v1/user/me
2023-12-31 18:32:03 [INFO]: /v1/user/login
2023-12-31 18:32:04 [INFO]: /v1/user/me
2023-12-31 18:39:01 [INFO]: /v1/user/login
2023-12-31 18:39:17 [INFO]: /v1/user/login
2023-12-31 18:39:18 [INFO]: /v1/user/me
2023-12-31 18:39:56 [INFO]: /v1/user/login
2023-12-31 18:40:38 [INFO]: /v1/user/login
2023-12-31 18:40:38 [INFO]: /v1/user/me
2024-01-01 10:05:38 [INFO]: /v1/user
2024-01-01 10:05:50 [INFO]: /v1/user/verify/otp
2024-01-01 10:06:11 [INFO]: /v1/user/set/pin
2024-01-01 10:06:21 [INFO]: /v1/user/set/pin
2024-01-01 10:08:00 [INFO]: /v1/user/send/pin/change/otp
2024-01-01 10:09:23 [INFO]: /v1/user/pin/change
2024-01-01 10:09:52 [INFO]: /v1/user/pin/change
2024-01-01 10:10:12 [INFO]: /v1/user/pin/change
2024-01-01 10:10:44 [INFO]: /v1/user/pin/change
2024-01-01 10:11:34 [INFO]: /v1/user/pin/change
2024-01-01 10:12:47 [INFO]: /v1/user/send/password/change/otp
2024-01-01 10:13:10 [INFO]: /v1/user/password/change
2024-01-01 10:13:54 [INFO]: /v1/user/password/change
2024-01-01 10:14:02 [INFO]: /v1/user/password/change
2024-01-01 10:15:26 [INFO]: /v1/user/login
2024-01-01 10:15:26 [INFO]: /v1/user/me
2024-01-01 10:42:41 [INFO]: /v1/user/send/pin/change/otp
2024-01-01 10:42:48 [INFO]: /v1/user/pin/change
2024-01-01 10:45:28 [INFO]: /v1/user/send/password/change/otp
2024-01-01 10:45:37 [INFO]: /v1/user/pin/change
2024-01-01 10:46:03 [INFO]: /v1/user/password/change
2024-01-01 10:46:09 [INFO]: /v1/user/password/change
2024-01-01 10:46:52 [INFO]: /v1/user/send/password/change/otp
2024-01-01 10:46:56 [INFO]: /v1/user/password/change
2024-01-01 10:53:39 [INFO]: /v1/faqs
2024-01-01 10:53:56 [INFO]: /v1/get_faq_categories
2024-01-01 11:06:52 [INFO]: /v1/get_faq_categories
2024-01-01 11:12:57 [INFO]: /v1/user/login
2024-01-01 11:12:58 [INFO]: /v1/user/me
2024-01-01 12:31:00 [INFO]: /v1/get_faq_categories
2024-01-01 12:31:19 [INFO]: /v1/user/login
2024-01-01 12:31:20 [INFO]: /v1/user/me
2024-01-01 14:54:14 [INFO]: /v1/get_faq_categories
2024-01-01 15:31:42 [INFO]: /v1/user/login
2024-01-01 15:31:43 [INFO]: /v1/user/me
2024-01-01 21:36:23 [INFO]: /v1/get_faq_categories
2024-01-01 21:38:20 [INFO]: /v1/errand/659049baee8c08fbf3968333
2024-01-01 21:38:24 [INFO]: /v1/errands
2024-01-01 21:38:35 [INFO]: /v1/user/login
2024-01-01 21:38:56 [INFO]: /v1/errands
2024-01-01 21:44:01 [INFO]: /v1/errand
2024-01-01 21:44:07 [INFO]: /v1/errands
2024-01-01 21:46:03 [INFO]: /v1/user/login
2024-01-01 21:46:03 [INFO]: /v1/user/me
2024-01-01 21:46:03 [INFO]: /v1/errands
2024-01-01 21:52:01 [INFO]: /v1/get_faq_categories
2024-01-02 05:56:18 [INFO]: /v1/user/login
2024-01-02 05:56:19 [INFO]: /v1/user/me
2024-01-02 05:56:19 [INFO]: /v1/errands
2024-01-02 06:13:47 [INFO]: /v1/errand/bid
2024-01-02 08:10:45 [INFO]: /v1/errand
2024-01-02 08:10:54 [INFO]: /v1/get_faq_categories
2024-01-02 08:11:08 [INFO]: /v1/user/login
2024-01-02 08:11:09 [INFO]: /v1/user/me
2024-01-02 08:11:09 [INFO]: /v1/errands
2024-01-02 08:11:22 [INFO]: /v1/errand
2024-01-02 08:11:52 [INFO]: /v1/errand
2024-01-02 08:12:58 [INFO]: /v1/errand
2024-01-02 08:13:16 [INFO]: /v1/errand
2024-01-02 08:30:01 [INFO]: /v1/user/login
2024-01-02 08:30:24 [INFO]: /v1/my/errands
2024-01-02 08:30:32 [INFO]: /v1/my/requests
2024-01-02 08:40:43 [INFO]: /v1/get_faq_categories
2024-01-02 08:40:57 [INFO]: /v1/user/login
2024-01-02 08:40:58 [INFO]: /v1/user/me
2024-01-02 08:40:58 [INFO]: /v1/errands
2024-01-02 08:41:00 [INFO]: /v1/my/requests
2024-01-02 08:43:01 [INFO]: /v1/get_faq_categories
2024-01-02 08:43:13 [INFO]: /v1/user/login
2024-01-02 08:43:14 [INFO]: /v1/user/me
2024-01-02 08:43:14 [INFO]: /v1/errands
2024-01-02 08:43:27 [INFO]: /v1/my/requests
2024-01-02 08:44:05 [INFO]: /v1/my/requests
2024-01-02 08:44:26 [INFO]: /v1/my/requests
2024-01-02 08:45:24 [INFO]: /v1/errand/request/6593b78c67d1da9772e24fbf/delete
2024-01-02 08:45:29 [INFO]: /v1/my/requests
2024-01-02 14:34:29 [INFO]: /v1/user
2024-01-02 14:36:40 [INFO]: /v1/user
2024-01-02 14:37:27 [INFO]: /v1/user
2024-01-02 14:43:56 [INFO]: /v1/user
2024-01-02 14:53:14 [INFO]: /v1/user
2024-01-02 14:53:44 [INFO]: /v1/user
2024-01-02 14:54:02 [INFO]: /v1/user
2024-01-02 15:39:19 [INFO]: /v1/get_faq_categories
