2023-12-26 13:30:54 [ERROR]: Admin validation failed: roleId: Path `roleId` is required.
2023-12-26 13:32:22 [ERROR]: Admin validation failed: roleId: Path `roleId` is required.
2023-12-26 13:32:34 [ERROR]: Admin validation failed: roleId: Path `roleId` is required.
2023-12-26 13:33:15 [ERROR]: Admin validation failed: roleId: Path `roleId` is required.
2023-12-26 13:35:40 [ERROR]: email all ready registered, please create an account with another email address
2023-12-26 17:26:20 [ERROR]: user is not defined
2023-12-26 17:27:34 [ERROR]: secretOrPrivateKey must have a value
2023-12-26 17:28:54 [ERROR]: secretOrPrivateKey must have a value
2023-12-26 17:29:12 [ERROR]: secretOrPrivateKey must have a value
2023-12-26 17:29:23 [ERROR]: secretOrPrivateKey must have a value
2023-12-26 17:31:26 [ERROR]: secretOrPrivateKey must have a value
2023-12-26 18:16:49 [ERROR]: Cannot read properties of undefined (reading 'otpToken')
2023-12-26 18:17:53 [ERROR]: Cannot read properties of undefined (reading 'otpToken')
2023-12-26 18:18:18 [ERROR]: Cannot read properties of undefined (reading 'otpToken')
2023-12-26 18:18:53 [ERROR]: Cannot read properties of undefined (reading 'otpToken')
2023-12-26 18:19:09 [ERROR]: Cannot read properties of undefined (reading 'otpToken')
2023-12-26 18:19:22 [ERROR]: Cannot read properties of undefined (reading 'otpToken')
2023-12-26 18:21:53 [ERROR]: req is not defined
2023-12-26 18:22:44 [ERROR]: Forbidden: Invalid token
2023-12-26 18:25:00 [ERROR]: Forbidden: Invalid token
2023-12-26 18:25:35 [ERROR]: Forbidden: Invalid token
2023-12-26 18:26:06 [ERROR]: Forbidden: Invalid token
2023-12-26 18:29:40 [ERROR]: User validation failed: pin: Path `pin` is required.
2023-12-26 19:07:10 [ERROR]: Cannot set properties of null (setting 'otp')
2023-12-26 19:07:56 [ERROR]: Cannot set properties of null (setting 'otp')
2023-12-26 19:14:11 [ERROR]: Cast to ObjectId failed for value "userId" (type string) at path "_id" for model "User"
2023-12-26 19:18:26 [ERROR]: userData is not defined
2023-12-29 07:15:23 [ERROR]: undefined is not iterable (cannot read property Symbol(Symbol.iterator))
2023-12-29 07:15:53 [ERROR]: undefined is not iterable (cannot read property Symbol(Symbol.iterator))
2023-12-29 07:37:58 [ERROR]: kyc.save is not a function
2023-12-29 07:38:24 [ERROR]: Cast to ObjectId failed for value ":userId" (type string) at path "userId" for model "KYC"
2023-12-29 07:40:39 [ERROR]: Cast to ObjectId failed for value ":userId" (type string) at path "userId" for model "KYC"
2023-12-30 17:46:36 [ERROR]: Errand validation failed: pickUpAddress: Path `pickUpAddress` is required., user: Path `user` is required.
2023-12-30 17:49:21 [ERROR]: Cannot populate path `errand` because it is not in your schema. Set the `strictPopulate` option to false to override.
2023-12-30 17:58:25 [ERROR]: acceptedUserId is not defined
2023-12-30 18:00:59 [ERROR]: User is not defined
2023-12-30 18:05:29 [ERROR]: Cannot access 'message' before initialization
2023-12-30 18:10:54 [ERROR]: ErrandChat validation failed: errand: Path `errand` is required.
2023-12-30 18:17:16 [ERROR]: Cannot set properties of null (setting 'isCompleted')
2023-12-30 18:19:12 [ERROR]: Cannot set properties of null (setting 'isCompleted')
2023-12-30 18:28:54 [ERROR]: Cannot read properties of null (reading 'balance')
2023-12-31 05:55:42 [ERROR]: Forbidden: Invalid token
2023-12-31 05:55:53 [ERROR]: email all ready registered, please create an account with another email address
2023-12-31 05:56:19 [ERROR]: phone number all ready registered, please login with this phone number
2023-12-31 07:40:18 [ERROR]: undefined
2023-12-31 07:42:26 [ERROR]: undefined
2023-12-31 07:43:48 [ERROR]: undefined
2023-12-31 07:47:33 [ERROR]: undefined
2023-12-31 07:48:51 [ERROR]: undefined
2023-12-31 07:49:49 [ERROR]: Forbidden: Invalid token
2023-12-31 07:50:15 [ERROR]: error
2023-12-31 07:50:15 [ERROR]: Forbidden: Invalid token
2023-12-31 07:50:46 [ERROR]: error
2023-12-31 07:50:46 [ERROR]: Forbidden: Invalid token
2023-12-31 07:52:29 [ERROR]: error
2023-12-31 07:52:29 [ERROR]: Unknown error, please contact the administrator
2023-12-31 07:53:17 [ERROR]: error
2023-12-31 07:53:17 [ERROR]: Unknown error, please contact the administrator
2023-12-31 07:57:52 [ERROR]: error
2023-12-31 07:57:52 [ERROR]: Unknown error, please contact the administrator
2023-12-31 11:55:03 [ERROR]: Cannot set headers after they are sent to the client
2023-12-31 11:55:38 [ERROR]: Cannot set headers after they are sent to the client
2023-12-31 11:57:01 [ERROR]: Cannot read properties of undefined (reading 'docFile')
2023-12-31 11:57:19 [ERROR]: Cannot read properties of undefined (reading 'docFile')
2023-12-31 11:57:36 [ERROR]: Cannot set headers after they are sent to the client
